<?xml version="1.0" encoding="UTF-8"?>
<!-- Generated by org.testng.reporters.JUnitReportReporter -->
<testsuite hostname="win7-PC" name="com.almundo.callcenter.coretest.DispatcherTest" tests="1" failures="0" timestamp="2 Apr 2018 01:32:36 GMT" time="60.133" errors="0">
  <testcase name="dispatchCallTest" time="60.133" classname="com.almundo.callcenter.coretest.DispatcherTest"/>
</testsuite> <!-- com.almundo.callcenter.coretest.DispatcherTest -->
